Using pre-set license
Built from '2020.3/staging' branch; Version is '2020.3.19f1 (68f137dc9bbe) revision 6877495'; Using compiler version '192528614'; Build Type 'Release'
OS: 'Windows 10 Home; OS build 19043.1348; Version 2009; 64bit' Language: 'en' Physical Memory: 16281 MB
BatchMode: 1, IsHumanControllingUs: 0, StartBugReporterOnCrash: 0, Is64bit: 1, IsPro: 0

COMMAND LINE ARGUMENTS:
C:\Program Files\Unity\Hub\Editor\2020.3.19f1\Editor\Unity.exe
-adb2
-batchMode
-noUpm
-name
AssetImportWorker0
-projectPath
C:/Users/Eldar/Documents/UNITY/New folder/Graphics
-logFile
Logs/AssetImportWorker0.log
-srvPort
55208
Successfully changed project path to: C:/Users/Eldar/Documents/UNITY/New folder/Graphics
C:/Users/Eldar/Documents/UNITY/New folder/Graphics
Using Asset Import Pipeline V2.
Refreshing native plugins compatible for Editor in 93.28 ms, found 2 plugins.
Preloading 0 native plugins for Editor in 0.00 ms.
Initialize engine version: 2020.3.19f1 (68f137dc9bbe)
[Subsystems] Discovering subsystems at path C:/Program Files/Unity/Hub/Editor/2020.3.19f1/Editor/Data/Resources/UnitySubsystems
[Subsystems] Discovering subsystems at path C:/Users/Eldar/Documents/UNITY/New folder/Graphics/Assets
GfxDevice: creating device client; threaded=0
Direct3D:
    Version:  Direct3D 11.0 [level 11.0]
    Renderer: NVIDIA GeForce 940MX (ID=0x134d)
    Vendor:   
    VRAM:     2010 MB
    Driver:   27.21.14.6231
Initialize mono
Mono path[0] = 'C:/Program Files/Unity/Hub/Editor/2020.3.19f1/Editor/Data/Managed'
Mono path[1] = 'C:/Program Files/Unity/Hub/Editor/2020.3.19f1/Editor/Data/MonoBleedingEdge/lib/mono/unityjit'
Mono config path = 'C:/Program Files/Unity/Hub/Editor/2020.3.19f1/Editor/Data/MonoBleedingEdge/etc'
Using monoOptions --debugger-agent=transport=dt_socket,embedding=1,server=y,suspend=n,address=127.0.0.1:56060
Begin MonoManager ReloadAssembly
Registering precompiled unity dll's ...
Register platform support module: C:/Program Files/Unity/Hub/Editor/2020.3.19f1/Editor/Data/PlaybackEngines/WindowsStandaloneSupport/UnityEditor.WindowsStandalone.Extensions.dll
Registered in 0.002352 seconds.
Native extension for WindowsStandalone target not found
Refreshing native plugins compatible for Editor in 96.23 ms, found 2 plugins.
Preloading 0 native plugins for Editor in 0.00 ms.
Mono: successfully reloaded assembly
- Completed reload, in  1.569 seconds
Domain Reload Profiling:
	ReloadAssembly (1570ms)
		BeginReloadAssembly (80ms)
			ExecutionOrderSort (0ms)
			DisableScriptedObjects (0ms)
			BackupInstance (0ms)
			ReleaseScriptingObjects (0ms)
			CreateAndSetChildDomain (1ms)
		EndReloadAssembly (697ms)
			LoadAssemblies (74ms)
			RebuildTransferFunctionScriptingTraits (0ms)
			SetupTypeCache (257ms)
			ReleaseScriptCaches (0ms)
			RebuildScriptCaches (49ms)
			SetupLoadedEditorAssemblies (291ms)
				LogAssemblyErrors (0ms)
				InitializePlatformSupportModulesInManaged (5ms)
				SetLoadedEditorAssemblies (0ms)
				RefreshPlugins (96ms)
				BeforeProcessingInitializeOnLoad (20ms)
				ProcessInitializeOnLoadAttributes (129ms)
				ProcessInitializeOnLoadMethodAttributes (40ms)
				AfterProcessingInitializeOnLoad (0ms)
				EditorAssembliesLoaded (0ms)
			ExecutionOrderSort2 (0ms)
			AwakeInstancesAfterBackupRestoration (0ms)
Platform modules already initialized, skipping
Registering precompiled user dll's ...
Registered in 0.005930 seconds.
Begin MonoManager ReloadAssembly
Native extension for WindowsStandalone target not found
Refreshing native plugins compatible for Editor in 95.94 ms, found 2 plugins.
Preloading 0 native plugins for Editor in 0.00 ms.
Mono: successfully reloaded assembly
- Completed reload, in  1.841 seconds
Domain Reload Profiling:
	ReloadAssembly (1843ms)
		BeginReloadAssembly (233ms)
			ExecutionOrderSort (0ms)
			DisableScriptedObjects (8ms)
			BackupInstance (0ms)
			ReleaseScriptingObjects (0ms)
			CreateAndSetChildDomain (31ms)
		EndReloadAssembly (1510ms)
			LoadAssemblies (135ms)
			RebuildTransferFunctionScriptingTraits (0ms)
			SetupTypeCache (514ms)
			ReleaseScriptCaches (1ms)
			RebuildScriptCaches (86ms)
			SetupLoadedEditorAssemblies (571ms)
				LogAssemblyErrors (0ms)
				InitializePlatformSupportModulesInManaged (9ms)
				SetLoadedEditorAssemblies (0ms)
				RefreshPlugins (96ms)
				BeforeProcessingInitializeOnLoad (132ms)
				ProcessInitializeOnLoadAttributes (319ms)
				ProcessInitializeOnLoadMethodAttributes (5ms)
				AfterProcessingInitializeOnLoad (9ms)
				EditorAssembliesLoaded (0ms)
			ExecutionOrderSort2 (0ms)
			AwakeInstancesAfterBackupRestoration (10ms)
Platform modules already initialized, skipping
========================================================================
Worker process is ready to serve import requests
Launched and connected shader compiler UnityShaderCompiler.exe after 0.12 seconds
Refreshing native plugins compatible for Editor in 0.97 ms, found 2 plugins.
Preloading 0 native plugins for Editor in 0.00 ms.
Unloading 2884 Unused Serialized files (Serialized files now loaded: 0)
System memory in use before: 163.8 MB.
System memory in use after: 163.7 MB.

Unloading 18 unused Assets to reduce memory usage. Loaded Objects now: 3352.
Total: 6.698500 ms (FindLiveObjects: 0.386400 ms CreateObjectMapping: 0.241800 ms MarkObjects: 5.514500 ms  DeleteObjects: 0.554200 ms)

AssetImportParameters requested are different than current active one (requested -> active):
  custom:framework-win-MediaFoundation: 216162199b28c13a410421893ffa2e32 -> 
  custom:video-decoder-ogg-theora: a1e56fd34408186e4bbccfd4996cb3dc -> 
  custom:container-muxer-webm: aa71ff27fc2769a1b78a27578f13a17b -> 
  custom:container-demuxer-webm: 4f35f7cbe854078d1ac9338744f61a02 -> 
  custom:container-demuxer-ogg: 62fdf1f143b41e24485cea50d1cbac27 -> 
  custom:video-encoder-webm-vp8: eb34c28f22e8b96e1ab97ce403110664 -> 
  custom:video-codec-MediaFoundation-h265: 746d11721c4dcdbdad8f713fa42b33f4 -> 
  custom:video-decoder-webm-vp8: 9c59270c3fd7afecdb556c50c9e8de78 -> 
  custom:audio-decoder-ogg-vorbis: bf7c407c2cedff20999df2af8eb42d56 -> 
  custom:audio-encoder-webm-vorbis: bf7c407c2cedff20999df2af8eb42d56 -> 
========================================================================
Received Import Request.
  path: Assets/Ground textures pack/Grass 05/Grass pattern 05.mat
  artifactKey: Guid(49c3c02661a83fd42b33859cfbf9a17d) Importer(815301076,1909f56bfc062723c751e8b465ee728b)
Start importing Assets/Ground textures pack/Grass 05/Grass pattern 05.mat using Guid(49c3c02661a83fd42b33859cfbf9a17d) Importer(815301076,1909f56bfc062723c751e8b465ee728b)  -> (artifact id: '5b7ff6d704a6d5423634e5cbb4a84b18') in 0.441348 seconds 
  Import took 0.450045 seconds .

========================================================================
Received Import Request.
  Time since last request: 0.000416 seconds.
  path: Assets/LowPoly Space Cars/Separated Color Materials/DarkRed.mat
  artifactKey: Guid(6037d589921a45740af831d5e640c9cb) Importer(815301076,1909f56bfc062723c751e8b465ee728b)
Start importing Assets/LowPoly Space Cars/Separated Color Materials/DarkRed.mat using Guid(6037d589921a45740af831d5e640c9cb) Importer(815301076,1909f56bfc062723c751e8b465ee728b)  -> (artifact id: 'e06f990ce06c4351d37bb98a10a8fc95') in 0.039839 seconds 
  Import took 0.047715 seconds .

========================================================================
Received Import Request.
  Time since last request: 0.000368 seconds.
  path: Assets/TextMesh Pro/Resources/Fonts & Materials/LiberationSans SDF - Outline.mat
  artifactKey: Guid(79459efec17a4d00a321bdcc27bbc385) Importer(815301076,1909f56bfc062723c751e8b465ee728b)
Start importing Assets/TextMesh Pro/Resources/Fonts & Materials/LiberationSans SDF - Outline.mat using Guid(79459efec17a4d00a321bdcc27bbc385) Importer(815301076,1909f56bfc062723c751e8b465ee728b)  -> (artifact id: 'c511d08932308b24457774e53c6d0cc5') in 0.058076 seconds 
  Import took 0.066956 seconds .

========================================================================
Received Import Request.
  Time since last request: 0.000280 seconds.
  path: Assets/LowPoly Space Cars/Separated Color Materials/Blue.mat
  artifactKey: Guid(37279900e28ac6147aec7893602f569f) Importer(815301076,1909f56bfc062723c751e8b465ee728b)
Start importing Assets/LowPoly Space Cars/Separated Color Materials/Blue.mat using Guid(37279900e28ac6147aec7893602f569f) Importer(815301076,1909f56bfc062723c751e8b465ee728b)  -> (artifact id: '8ad91f41dab7067f93bedd554bcafa07') in 0.023136 seconds 
  Import took 0.030318 seconds .

========================================================================
Received Import Request.
  Time since last request: 0.000313 seconds.
  path: Assets/NatureStarterKit2/Materials/bark01.mat
  artifactKey: Guid(429dd90a38598a6439cac85af03f10df) Importer(815301076,1909f56bfc062723c751e8b465ee728b)
Start importing Assets/NatureStarterKit2/Materials/bark01.mat using Guid(429dd90a38598a6439cac85af03f10df) Importer(815301076,1909f56bfc062723c751e8b465ee728b)  -> (artifact id: '39c6812aea44c24b7c7473f3c060a25f') in 0.030540 seconds 
  Import took 0.038630 seconds .

========================================================================
Received Import Request.
  Time since last request: 0.000301 seconds.
  path: Assets/PathCreator/Examples/Materials/Green.mat
  artifactKey: Guid(9ca80467a033e954a8b9ad8601d6f4c7) Importer(815301076,1909f56bfc062723c751e8b465ee728b)
Start importing Assets/PathCreator/Examples/Materials/Green.mat using Guid(9ca80467a033e954a8b9ad8601d6f4c7) Importer(815301076,1909f56bfc062723c751e8b465ee728b)  -> (artifact id: '4a21f039cbd6620c17ea38f02e0d3fad') in 0.033837 seconds 
  Import took 0.041396 seconds .

========================================================================
Received Import Request.
  Time since last request: 0.000353 seconds.
  path: Assets/LowPoly Space Cars/Models/FBXModels/Colored Models/car07v2Material.fbx
  artifactKey: Guid(1f03a9075ae57f2449ece20dd1672674) Importer(815301076,1909f56bfc062723c751e8b465ee728b)
Start importing Assets/LowPoly Space Cars/Models/FBXModels/Colored Models/car07v2Material.fbx using Guid(1f03a9075ae57f2449ece20dd1672674) Importer(815301076,1909f56bfc062723c751e8b465ee728b)  -> (artifact id: 'fd703843d81f00b31d05ea2148ff653a') in 0.257519 seconds 
  Import took 0.265674 seconds .

========================================================================
Received Import Request.
  Time since last request: 0.000320 seconds.
  path: Assets/NatureStarterKit2/Materials/bush01.mat
  artifactKey: Guid(216a7e882dab7d745a4fc6ccb3774f75) Importer(815301076,1909f56bfc062723c751e8b465ee728b)
Start importing Assets/NatureStarterKit2/Materials/bush01.mat using Guid(216a7e882dab7d745a4fc6ccb3774f75) Importer(815301076,1909f56bfc062723c751e8b465ee728b)  -> (artifact id: 'a5c84d03ff6c86f03c479c1339cb7cab') in 0.029993 seconds 
  Import took 0.038645 seconds .

========================================================================
Received Import Request.
  Time since last request: 0.000337 seconds.
  path: Assets/NatureStarterKit2/Materials/bark02.mat
  artifactKey: Guid(aa9fcb8764ab3324aa575a948d139c3a) Importer(815301076,1909f56bfc062723c751e8b465ee728b)
Start importing Assets/NatureStarterKit2/Materials/bark02.mat using Guid(aa9fcb8764ab3324aa575a948d139c3a) Importer(815301076,1909f56bfc062723c751e8b465ee728b)  -> (artifact id: '59eeeff25469bbf65ab73377c92ce2f0') in 0.026466 seconds 
  Import took 0.034165 seconds .

========================================================================
Received Import Request.
  Time since last request: 0.000277 seconds.
  path: Assets/PathCreator/Examples/Materials/Black.mat
  artifactKey: Guid(69561553b86bde34da494d1ffed3ba45) Importer(815301076,1909f56bfc062723c751e8b465ee728b)
Start importing Assets/PathCreator/Examples/Materials/Black.mat using Guid(69561553b86bde34da494d1ffed3ba45) Importer(815301076,1909f56bfc062723c751e8b465ee728b)  -> (artifact id: 'a871bea24a5deb539002d46134b9cb5b') in 0.026010 seconds 
  Import took 0.034232 seconds .

========================================================================
Received Import Request.
  Time since last request: 0.000294 seconds.
  path: Assets/Ground textures pack/Grass & dead leafs 01/Grass & dead leafs pattern 01.mat
  artifactKey: Guid(893960384de673345a82517892b28bc7) Importer(815301076,1909f56bfc062723c751e8b465ee728b)
Start importing Assets/Ground textures pack/Grass & dead leafs 01/Grass & dead leafs pattern 01.mat using Guid(893960384de673345a82517892b28bc7) Importer(815301076,1909f56bfc062723c751e8b465ee728b)  -> (artifact id: 'eecf7cf4ec0e899589d7086140cf1be2') in 0.042092 seconds 
  Import took 0.048216 seconds .

========================================================================
Received Import Request.
  Time since last request: 0.000302 seconds.
  path: Assets/NatureStarterKit2/Nature/bush05.prefab
  artifactKey: Guid(bb660abd3b29d9f44866fd79795dbca4) Importer(815301076,1909f56bfc062723c751e8b465ee728b)
Start importing Assets/NatureStarterKit2/Nature/bush05.prefab using Guid(bb660abd3b29d9f44866fd79795dbca4) Importer(815301076,1909f56bfc062723c751e8b465ee728b)  -> (artifact id: '930e741bbff7ad7753eec820ee526fb4') in 0.087205 seconds 
  Import took 0.095987 seconds .

========================================================================
Received Import Request.
  Time since last request: 0.000328 seconds.
  path: Assets/Ground textures pack/Ground 01/Ground pattern 01.mat
  artifactKey: Guid(748487d582b00d847bd57517f78d8e8f) Importer(815301076,1909f56bfc062723c751e8b465ee728b)
Start importing Assets/Ground textures pack/Ground 01/Ground pattern 01.mat using Guid(748487d582b00d847bd57517f78d8e8f) Importer(815301076,1909f56bfc062723c751e8b465ee728b)  -> (artifact id: 'd540187ae8cc68afb488d529ad8dbab3') in 0.031791 seconds 
  Import took 0.039629 seconds .

========================================================================
Received Import Request.
  Time since last request: 0.000329 seconds.
  path: Assets/NatureStarterKit2/Standard Assets/Effects/Projectors/Materials/LightProjector.mat
  artifactKey: Guid(c8c80c5b03f5c7e40b07eb2170e667e5) Importer(815301076,1909f56bfc062723c751e8b465ee728b)
Start importing Assets/NatureStarterKit2/Standard Assets/Effects/Projectors/Materials/LightProjector.mat using Guid(c8c80c5b03f5c7e40b07eb2170e667e5) Importer(815301076,1909f56bfc062723c751e8b465ee728b)  -> (artifact id: '0e0fbc5d35a8fb734ca02d9a51b0061d') in 0.036365 seconds 
  Import took 0.043946 seconds .

========================================================================
Received Import Request.
  Time since last request: 0.000309 seconds.
  path: Assets/NatureStarterKit2/Nature/bush06.prefab
  artifactKey: Guid(f62058cb710fd1745a24102fff0edd46) Importer(815301076,1909f56bfc062723c751e8b465ee728b)
Start importing Assets/NatureStarterKit2/Nature/bush06.prefab using Guid(f62058cb710fd1745a24102fff0edd46) Importer(815301076,1909f56bfc062723c751e8b465ee728b)  -> (artifact id: 'efef68adf292a24e916f9418f2184591') in 0.071254 seconds 
  Import took 0.078829 seconds .

========================================================================
Received Import Request.
  Time since last request: 0.000382 seconds.
  path: Assets/LowPoly Space Cars/Separated Color Materials/Cyan.mat
  artifactKey: Guid(0227286369cecde4988ffffb43891678) Importer(815301076,1909f56bfc062723c751e8b465ee728b)
Start importing Assets/LowPoly Space Cars/Separated Color Materials/Cyan.mat using Guid(0227286369cecde4988ffffb43891678) Importer(815301076,1909f56bfc062723c751e8b465ee728b)  -> (artifact id: '6c7b426d6d168b44941f4bd9d257992d') in 0.040654 seconds 
  Import took 0.047936 seconds .

========================================================================
Received Import Request.
  Time since last request: 0.000259 seconds.
  path: Assets/Ground textures pack/Lava/Lava pattern.mat
  artifactKey: Guid(42e26e838cb21e944aa7de2aae4edefc) Importer(815301076,1909f56bfc062723c751e8b465ee728b)
Start importing Assets/Ground textures pack/Lava/Lava pattern.mat using Guid(42e26e838cb21e944aa7de2aae4edefc) Importer(815301076,1909f56bfc062723c751e8b465ee728b)  -> (artifact id: 'e375437f1adc3becef409b9f3ff11bd7') in 0.060310 seconds 
  Import took 0.067811 seconds .

========================================================================
Received Import Request.
  Time since last request: 0.000266 seconds.
  path: Assets/LowPoly Space Cars/Models/FBXModels/Colored Models/car09v2Material.fbx
  artifactKey: Guid(4f0b89fceb0fb5c4cbe96f7f7ca9c2b3) Importer(815301076,1909f56bfc062723c751e8b465ee728b)
Start importing Assets/LowPoly Space Cars/Models/FBXModels/Colored Models/car09v2Material.fbx using Guid(4f0b89fceb0fb5c4cbe96f7f7ca9c2b3) Importer(815301076,1909f56bfc062723c751e8b465ee728b)  -> (artifact id: 'bd397b085f6f1f23d7299a401fc229ce') in 0.089003 seconds 
  Import took 0.096327 seconds .

========================================================================
Received Import Request.
  Time since last request: 0.000309 seconds.
  path: Assets/LowPoly Space Cars/Models/FBXModels/Colored Models/BatMobilev02Material.fbx
  artifactKey: Guid(0557e8dc32f845c4b91200c7e4f0ee2d) Importer(815301076,1909f56bfc062723c751e8b465ee728b)
Start importing Assets/LowPoly Space Cars/Models/FBXModels/Colored Models/BatMobilev02Material.fbx using Guid(0557e8dc32f845c4b91200c7e4f0ee2d) Importer(815301076,1909f56bfc062723c751e8b465ee728b)  -> (artifact id: '53bf10e361581a0c2627afc324c76098') in 0.165294 seconds 
  Import took 0.174039 seconds .

========================================================================
Received Import Request.
  Time since last request: 0.000287 seconds.
  path: Assets/Ground textures pack/Dry ground/Dry ground pattern.mat
  artifactKey: Guid(d805d830c4023774cb6259aca09f431e) Importer(815301076,1909f56bfc062723c751e8b465ee728b)
Start importing Assets/Ground textures pack/Dry ground/Dry ground pattern.mat using Guid(d805d830c4023774cb6259aca09f431e) Importer(815301076,1909f56bfc062723c751e8b465ee728b)  -> (artifact id: 'c261b110fd2bf7ecd3ab381958aa9719') in 0.035849 seconds 
  Import took 0.044021 seconds .

========================================================================
Received Import Request.
  Time since last request: 0.000278 seconds.
  path: Assets/PathCreator/Examples/Materials/Brown.mat
  artifactKey: Guid(d5b3a558a1e7f4a4182b166bb2f27cf7) Importer(815301076,1909f56bfc062723c751e8b465ee728b)
Start importing Assets/PathCreator/Examples/Materials/Brown.mat using Guid(d5b3a558a1e7f4a4182b166bb2f27cf7) Importer(815301076,1909f56bfc062723c751e8b465ee728b)  -> (artifact id: '93f08ce2e66e5b7dce208565fad7433d') in 0.028961 seconds 
  Import took 0.038074 seconds .

========================================================================
Received Import Request.
  Time since last request: 0.000265 seconds.
  path: Assets/Ground textures pack/Ground & rocks 01/Ground & rocks pattern 01.mat
  artifactKey: Guid(224de5a1c3ba5f948af30bd7826e4666) Importer(815301076,1909f56bfc062723c751e8b465ee728b)
Start importing Assets/Ground textures pack/Ground & rocks 01/Ground & rocks pattern 01.mat using Guid(224de5a1c3ba5f948af30bd7826e4666) Importer(815301076,1909f56bfc062723c751e8b465ee728b)  -> (artifact id: '8f9ec356cdb7b3d1bd3394d8fa767262') in 0.038145 seconds 
  Import took 0.044850 seconds .

========================================================================
Received Import Request.
  Time since last request: 0.000350 seconds.
  path: Assets/TextMesh Pro/Resources/Fonts & Materials/LiberationSans SDF - Drop Shadow.mat
  artifactKey: Guid(e73a58f6e2794ae7b1b7e50b7fb811b0) Importer(815301076,1909f56bfc062723c751e8b465ee728b)
Start importing Assets/TextMesh Pro/Resources/Fonts & Materials/LiberationSans SDF - Drop Shadow.mat using Guid(e73a58f6e2794ae7b1b7e50b7fb811b0) Importer(815301076,1909f56bfc062723c751e8b465ee728b)  -> (artifact id: '17f57fe8dc4c9ae30de38a2da0d89f10') in 0.061455 seconds 
  Import took 0.072212 seconds .

========================================================================
Received Import Request.
  Time since last request: 0.000350 seconds.
  path: Assets/LowPoly Space Cars/Separated Color Materials/Gray.mat
  artifactKey: Guid(02fdc38b680bd5a459ebe3eb1834be11) Importer(815301076,1909f56bfc062723c751e8b465ee728b)
Start importing Assets/LowPoly Space Cars/Separated Color Materials/Gray.mat using Guid(02fdc38b680bd5a459ebe3eb1834be11) Importer(815301076,1909f56bfc062723c751e8b465ee728b)  -> (artifact id: 'fb474dea75d39ea252a4874fceceda45') in 0.022876 seconds 
  Import took 0.031545 seconds .

========================================================================
Received Import Request.
  Time since last request: 0.000297 seconds.
  path: Assets/VertexColorFarmAnimals/Models/Materials/Material.009.mat
  artifactKey: Guid(1a9635ff2275a81409d1e2f37b15f2a2) Importer(815301076,1909f56bfc062723c751e8b465ee728b)
Start importing Assets/VertexColorFarmAnimals/Models/Materials/Material.009.mat using Guid(1a9635ff2275a81409d1e2f37b15f2a2) Importer(815301076,1909f56bfc062723c751e8b465ee728b)  -> (artifact id: 'd509bf703da4726ba4db7df0eba644bf') in 0.020436 seconds 
  Import took 0.028499 seconds .

========================================================================
Received Import Request.
  Time since last request: 0.000356 seconds.
  path: Assets/NatureStarterKit2/Nature/tree04.prefab
  artifactKey: Guid(aae542b8a65f39b49b008fa689ce9804) Importer(815301076,1909f56bfc062723c751e8b465ee728b)
Start importing Assets/NatureStarterKit2/Nature/tree04.prefab using Guid(aae542b8a65f39b49b008fa689ce9804) Importer(815301076,1909f56bfc062723c751e8b465ee728b)  -> (artifact id: '5a36faffa85d4de496546d4b1a4d8636') in 0.068898 seconds 
  Import took 0.076076 seconds .

========================================================================
Received Import Request.
  Time since last request: 0.000290 seconds.
  path: Assets/NatureStarterKit2/Nature/tree01.prefab
  artifactKey: Guid(393b236c42954a640b513d46de90ac38) Importer(815301076,1909f56bfc062723c751e8b465ee728b)
Start importing Assets/NatureStarterKit2/Nature/tree01.prefab using Guid(393b236c42954a640b513d46de90ac38) Importer(815301076,1909f56bfc062723c751e8b465ee728b)  -> (artifact id: '5f7412df5706161e9aca71e9240c52c5') in 0.091044 seconds 
  Import took 0.098859 seconds .

========================================================================
Received Import Request.
  Time since last request: 0.000567 seconds.
  path: Assets/LowPoly Space Cars/All-in-One-Colors and Material/All-in-One-Colors.mat
  artifactKey: Guid(ef2220aae5f401542bde7af7bd788e3d) Importer(815301076,1909f56bfc062723c751e8b465ee728b)
Start importing Assets/LowPoly Space Cars/All-in-One-Colors and Material/All-in-One-Colors.mat using Guid(ef2220aae5f401542bde7af7bd788e3d) Importer(815301076,1909f56bfc062723c751e8b465ee728b)  -> (artifact id: '12bf450b6157499b8b32c4ee68b914f9') in 0.059024 seconds 
  Import took 0.069379 seconds .

========================================================================
Received Import Request.
  Time since last request: 0.000342 seconds.
  path: Assets/NatureStarterKit2/Standard Assets/Effects/GlassRefraction/Materials/GlassRefractive.mat
  artifactKey: Guid(848918a99d11f25f110026ca44295342) Importer(815301076,1909f56bfc062723c751e8b465ee728b)
Start importing Assets/NatureStarterKit2/Standard Assets/Effects/GlassRefraction/Materials/GlassRefractive.mat using Guid(848918a99d11f25f110026ca44295342) Importer(815301076,1909f56bfc062723c751e8b465ee728b)  -> (artifact id: 'e192d71ca28a42d65d70c34b4511bb01') in 0.029913 seconds 
  Import took 0.036385 seconds .

========================================================================
Received Import Request.
  Time since last request: 0.000276 seconds.
  path: Assets/Ground textures pack/Grass & dead leafs 02/Grass & dead leafs pattern 02.mat
  artifactKey: Guid(020b997e4fa23c74297e208cd649319c) Importer(815301076,1909f56bfc062723c751e8b465ee728b)
Start importing Assets/Ground textures pack/Grass & dead leafs 02/Grass & dead leafs pattern 02.mat using Guid(020b997e4fa23c74297e208cd649319c) Importer(815301076,1909f56bfc062723c751e8b465ee728b)  -> (artifact id: '29ce3d365e4e44f2fddd76b1118a1b3f') in 0.052210 seconds 
  Import took 0.062982 seconds .

========================================================================
Received Import Request.
  Time since last request: 0.000174 seconds.
  path: Assets/Ground textures pack/Grass & rocks/Grass & rocks pattern.mat
  artifactKey: Guid(fedc75da63b32e249bccd7450cd29351) Importer(815301076,1909f56bfc062723c751e8b465ee728b)
Start importing Assets/Ground textures pack/Grass & rocks/Grass & rocks pattern.mat using Guid(fedc75da63b32e249bccd7450cd29351) Importer(815301076,1909f56bfc062723c751e8b465ee728b)  -> (artifact id: '722fe9a22a8315f6f4ec8be91481b64e') in 0.039550 seconds 
  Import took 0.051511 seconds .

========================================================================
Received Import Request.
  Time since last request: 0.000300 seconds.
  path: Assets/LowPoly Space Cars/Models/FBXModels/Colored Models/car06v02Material.fbx
  artifactKey: Guid(7c10ed9e6ed4a9a4f83097ecb7f893bb) Importer(815301076,1909f56bfc062723c751e8b465ee728b)
Start importing Assets/LowPoly Space Cars/Models/FBXModels/Colored Models/car06v02Material.fbx using Guid(7c10ed9e6ed4a9a4f83097ecb7f893bb) Importer(815301076,1909f56bfc062723c751e8b465ee728b)  -> (artifact id: '47a19ac4baf092edfb3e1978a5999f52') in 0.099029 seconds 
  Import took 0.106508 seconds .

========================================================================
Received Import Request.
  Time since last request: 0.000322 seconds.
  path: Assets/Ground textures pack/Ground & rocks 03/Ground & rocks pattern 03.mat
  artifactKey: Guid(bce0cd8cdfffc2a41b798316325a24d2) Importer(815301076,1909f56bfc062723c751e8b465ee728b)
Start importing Assets/Ground textures pack/Ground & rocks 03/Ground & rocks pattern 03.mat using Guid(bce0cd8cdfffc2a41b798316325a24d2) Importer(815301076,1909f56bfc062723c751e8b465ee728b)  -> (artifact id: 'ae5e1f039f7a8a73261ad8a0b8b799f8') in 0.038591 seconds 
  Import took 0.045694 seconds .

========================================================================
Received Import Request.
  Time since last request: 0.000276 seconds.
  path: Assets/VertexColorFarmAnimals/Models/Materials/Material.008.mat
  artifactKey: Guid(911bb66284253334fb4ef8e0379b2710) Importer(815301076,1909f56bfc062723c751e8b465ee728b)
Start importing Assets/VertexColorFarmAnimals/Models/Materials/Material.008.mat using Guid(911bb66284253334fb4ef8e0379b2710) Importer(815301076,1909f56bfc062723c751e8b465ee728b)  -> (artifact id: 'c92d340171895d40f574be316266e5f4') in 0.020673 seconds 
  Import took 0.027568 seconds .

========================================================================
Received Import Request.
  Time since last request: 0.000286 seconds.
  path: Assets/NatureStarterKit2/Materials/bush02.mat
  artifactKey: Guid(42375d2e1d7b61744887ddc5186b7605) Importer(815301076,1909f56bfc062723c751e8b465ee728b)
Start importing Assets/NatureStarterKit2/Materials/bush02.mat using Guid(42375d2e1d7b61744887ddc5186b7605) Importer(815301076,1909f56bfc062723c751e8b465ee728b)  -> (artifact id: '6e7a9d9869e22970364c8bd9d08f2822') in 0.027252 seconds 
  Import took 0.034562 seconds .

========================================================================
Received Import Request.
  Time since last request: 0.000286 seconds.
  path: Assets/Ground textures pack/Grass 02/Grass pattern 02.mat
  artifactKey: Guid(15654a743eccf384fb2312048db767f0) Importer(815301076,1909f56bfc062723c751e8b465ee728b)
Start importing Assets/Ground textures pack/Grass 02/Grass pattern 02.mat using Guid(15654a743eccf384fb2312048db767f0) Importer(815301076,1909f56bfc062723c751e8b465ee728b)  -> (artifact id: '8afbe4dd428160f491d536ced1bd5f36') in 0.042604 seconds 
  Import took 0.049935 seconds .

========================================================================
Received Import Request.
  Time since last request: 0.000305 seconds.
  path: Assets/Ground textures pack/Ground & weeds/Ground & weeds.mat
  artifactKey: Guid(5674184a87d87e54ca8047426601a57b) Importer(815301076,1909f56bfc062723c751e8b465ee728b)
Start importing Assets/Ground textures pack/Ground & weeds/Ground & weeds.mat using Guid(5674184a87d87e54ca8047426601a57b) Importer(815301076,1909f56bfc062723c751e8b465ee728b)  -> (artifact id: 'e6505f6e86af7fb6c189433a33d32afd') in 0.043740 seconds 
  Import took 0.051721 seconds .

========================================================================
Received Import Request.
  Time since last request: 0.000405 seconds.
  path: Assets/NatureStarterKit2/Standard Assets/Effects/Projectors/Materials/GridProjector.mat
  artifactKey: Guid(c7d1a73cf0f423947bae4e238665d9c5) Importer(815301076,1909f56bfc062723c751e8b465ee728b)
Start importing Assets/NatureStarterKit2/Standard Assets/Effects/Projectors/Materials/GridProjector.mat using Guid(c7d1a73cf0f423947bae4e238665d9c5) Importer(815301076,1909f56bfc062723c751e8b465ee728b)  -> (artifact id: '91bd8173e8ab44b011be3286d55cf5b5') in 0.027037 seconds 
  Import took 0.035808 seconds .

========================================================================
Received Import Request.
  Time since last request: 0.000310 seconds.
  path: Assets/NatureStarterKit2/Nature/tree02.prefab
  artifactKey: Guid(c63ea781a273235439e583799176c846) Importer(815301076,1909f56bfc062723c751e8b465ee728b)
Start importing Assets/NatureStarterKit2/Nature/tree02.prefab using Guid(c63ea781a273235439e583799176c846) Importer(815301076,1909f56bfc062723c751e8b465ee728b)  -> (artifact id: 'abdd9caa298b9fbbe37a2a6626548b3b') in 0.063835 seconds 
  Import took 0.072182 seconds .

========================================================================
Received Import Request.
  Time since last request: 0.000353 seconds.
  path: Assets/PathCreator/Examples/Materials/Blue.mat
  artifactKey: Guid(5c270a73328a99e439fec44a0cf3a17d) Importer(815301076,1909f56bfc062723c751e8b465ee728b)
Start importing Assets/PathCreator/Examples/Materials/Blue.mat using Guid(5c270a73328a99e439fec44a0cf3a17d) Importer(815301076,1909f56bfc062723c751e8b465ee728b)  -> (artifact id: '83e1da4f589e913587d19eddb9259ada') in 0.045075 seconds 
  Import took 0.053514 seconds .

========================================================================
Received Import Request.
  Time since last request: 0.000445 seconds.
  path: Assets/NatureStarterKit2/Materials/branch02.mat
  artifactKey: Guid(a907919643f983d49835ca9a994e37d4) Importer(815301076,1909f56bfc062723c751e8b465ee728b)
Start importing Assets/NatureStarterKit2/Materials/branch02.mat using Guid(a907919643f983d49835ca9a994e37d4) Importer(815301076,1909f56bfc062723c751e8b465ee728b)  -> (artifact id: '31c8cb87c8af2f840b74e077b9293839') in 0.021309 seconds 
  Import took 0.028018 seconds .

========================================================================
Received Import Request.
  Time since last request: 0.000289 seconds.
  path: Assets/NatureStarterKit2/Standard Assets/Effects/LightFlares/Materials/Flare50mm.mat
  artifactKey: Guid(a6dbb96b9d112024d000e929e39e7c39) Importer(815301076,1909f56bfc062723c751e8b465ee728b)
Start importing Assets/NatureStarterKit2/Standard Assets/Effects/LightFlares/Materials/Flare50mm.mat using Guid(a6dbb96b9d112024d000e929e39e7c39) Importer(815301076,1909f56bfc062723c751e8b465ee728b)  -> (artifact id: '737903dbf9c9b0e617fc193979167421') in 0.041775 seconds 
  Import took 0.051416 seconds .

========================================================================
Received Import Request.
  Time since last request: 0.000372 seconds.
  path: Assets/Ground textures pack/Grass 03/Grass pattern 03.mat
  artifactKey: Guid(d86005a29439b7541ade84523818db1a) Importer(815301076,1909f56bfc062723c751e8b465ee728b)
Start importing Assets/Ground textures pack/Grass 03/Grass pattern 03.mat using Guid(d86005a29439b7541ade84523818db1a) Importer(815301076,1909f56bfc062723c751e8b465ee728b)  -> (artifact id: '890e2a27778b081d48c95e09e6afddf8') in 0.033897 seconds 
  Import took 0.047620 seconds .

========================================================================
Received Import Request.
  Time since last request: 0.000563 seconds.
  path: Assets/LowPoly Space Cars/Models/FBXModels/Colored Models/car05V02Material.fbx
  artifactKey: Guid(1157c179d80e42a4d9b4cdadaaf780b5) Importer(815301076,1909f56bfc062723c751e8b465ee728b)
Start importing Assets/LowPoly Space Cars/Models/FBXModels/Colored Models/car05V02Material.fbx using Guid(1157c179d80e42a4d9b4cdadaaf780b5) Importer(815301076,1909f56bfc062723c751e8b465ee728b)  -> (artifact id: 'b788562fd81ad08b0bfc5b335fea165e') in 0.108361 seconds 
  Import took 0.117067 seconds .

========================================================================
Received Import Request.
  Time since last request: 0.000284 seconds.
  path: Assets/Ground textures pack/Grass 04/Grass pattern 04.mat
  artifactKey: Guid(059cceb0ba6e50741bfe6ec2c755d5f4) Importer(815301076,1909f56bfc062723c751e8b465ee728b)
Start importing Assets/Ground textures pack/Grass 04/Grass pattern 04.mat using Guid(059cceb0ba6e50741bfe6ec2c755d5f4) Importer(815301076,1909f56bfc062723c751e8b465ee728b)  -> (artifact id: '50827613667c30a1128913d9573766c8') in 0.041702 seconds 
  Import took 0.047298 seconds .

========================================================================
Received Import Request.
  Time since last request: 0.000284 seconds.
  path: Assets/LowPoly Space Cars/Separated Color Materials/LightGray.mat
  artifactKey: Guid(ea74c2cc1d88f0c41a7b0497f938c586) Importer(815301076,1909f56bfc062723c751e8b465ee728b)
Start importing Assets/LowPoly Space Cars/Separated Color Materials/LightGray.mat using Guid(ea74c2cc1d88f0c41a7b0497f938c586) Importer(815301076,1909f56bfc062723c751e8b465ee728b)  -> (artifact id: 'f9cd7cf2e6ee2b972d25f7d180bba6bc') in 0.028342 seconds 
  Import took 0.033345 seconds .

========================================================================
Received Import Request.
  Time since last request: 0.000256 seconds.
  path: Assets/Ground textures pack/Ground & moss/Ground & moss pattern.mat
  artifactKey: Guid(5558b5711d37782468eeee5c2880e7d8) Importer(815301076,1909f56bfc062723c751e8b465ee728b)
Start importing Assets/Ground textures pack/Ground & moss/Ground & moss pattern.mat using Guid(5558b5711d37782468eeee5c2880e7d8) Importer(815301076,1909f56bfc062723c751e8b465ee728b)  -> (artifact id: '6a12a20a96c2b6ba2c2ba9774a03fd48') in 0.035840 seconds 
  Import took 0.042657 seconds .

========================================================================
Received Import Request.
  Time since last request: 0.000562 seconds.
  path: Assets/Ground textures pack/Ground & rocks 02/Ground & rocks pattern 02.mat
  artifactKey: Guid(e7268e596932cb541834f57d320a4677) Importer(815301076,1909f56bfc062723c751e8b465ee728b)
Start importing Assets/Ground textures pack/Ground & rocks 02/Ground & rocks pattern 02.mat using Guid(e7268e596932cb541834f57d320a4677) Importer(815301076,1909f56bfc062723c751e8b465ee728b)  -> (artifact id: 'd6ef9311007d14a2639e2687ba412096') in 0.032857 seconds 
  Import took 0.039981 seconds .

========================================================================
Received Import Request.
  Time since last request: 0.000279 seconds.
  path: Assets/Mountain Terrain/Misc/Materials/defaultMat.mat
  artifactKey: Guid(708b35422da1b404eab9d6d1fbd5e45a) Importer(815301076,1909f56bfc062723c751e8b465ee728b)
Start importing Assets/Mountain Terrain/Misc/Materials/defaultMat.mat using Guid(708b35422da1b404eab9d6d1fbd5e45a) Importer(815301076,1909f56bfc062723c751e8b465ee728b)  -> (artifact id: '045f694fe291618383777294522df541') in 0.092256 seconds 
  Import took 0.102843 seconds .

========================================================================
Received Import Request.
  Time since last request: 0.000314 seconds.
  path: Assets/Particles/Materials/Materials/Flare.mat
  artifactKey: Guid(4101e1d2878aaf94dbf686220ec85ba5) Importer(815301076,1909f56bfc062723c751e8b465ee728b)
Start importing Assets/Particles/Materials/Materials/Flare.mat using Guid(4101e1d2878aaf94dbf686220ec85ba5) Importer(815301076,1909f56bfc062723c751e8b465ee728b)  -> (artifact id: 'ba15c0c92dd18376098afb83a975becb') in 0.026106 seconds 
  Import took 0.033160 seconds .

========================================================================
Received Import Request.
  Time since last request: 0.000322 seconds.
  path: Assets/VertexColorFarmAnimals/Models/Materials/Material.007.mat
  artifactKey: Guid(421d29a0bf70daf4b877cc0713d91f9e) Importer(815301076,1909f56bfc062723c751e8b465ee728b)
Start importing Assets/VertexColorFarmAnimals/Models/Materials/Material.007.mat using Guid(421d29a0bf70daf4b877cc0713d91f9e) Importer(815301076,1909f56bfc062723c751e8b465ee728b)  -> (artifact id: '930bd41593b882a4f5087dea67a38495') in 0.023200 seconds 
  Import took 0.029873 seconds .

========================================================================
Received Import Request.
  Time since last request: 0.000329 seconds.
  path: Assets/NatureStarterKit2/Nature/bush03.prefab
  artifactKey: Guid(9c74caa742791864f9c678287121e6c9) Importer(815301076,1909f56bfc062723c751e8b465ee728b)
Start importing Assets/NatureStarterKit2/Nature/bush03.prefab using Guid(9c74caa742791864f9c678287121e6c9) Importer(815301076,1909f56bfc062723c751e8b465ee728b)  -> (artifact id: 'fd65ee6754b2c11518aeb8b60841b538') in 0.058239 seconds 
  Import took 0.066739 seconds .

========================================================================
Received Import Request.
  Time since last request: 0.000308 seconds.
  path: Assets/LowPoly Space Cars/Models/FBXModels/Colored Models/car08v02Material.fbx
  artifactKey: Guid(2c97bf940de9b7542a387f71c79495e2) Importer(815301076,1909f56bfc062723c751e8b465ee728b)
Start importing Assets/LowPoly Space Cars/Models/FBXModels/Colored Models/car08v02Material.fbx using Guid(2c97bf940de9b7542a387f71c79495e2) Importer(815301076,1909f56bfc062723c751e8b465ee728b)  -> (artifact id: 'b733ccff91412cee29fe647dc1df7333') in 0.130726 seconds 
  Import took 0.137667 seconds .

========================================================================
Received Import Request.
  Time since last request: 0.000267 seconds.
  path: Assets/PathCreator/Examples/Materials/Dark Grey.mat
  artifactKey: Guid(407e3de4fbbcf4a99b17bf5aac2d28d8) Importer(815301076,1909f56bfc062723c751e8b465ee728b)
Start importing Assets/PathCreator/Examples/Materials/Dark Grey.mat using Guid(407e3de4fbbcf4a99b17bf5aac2d28d8) Importer(815301076,1909f56bfc062723c751e8b465ee728b)  -> (artifact id: 'b89298af51725ed329a3029f70144b69') in 0.023883 seconds 
  Import took 0.030630 seconds .

========================================================================
Received Import Request.
  Time since last request: 0.000296 seconds.
  path: Assets/LowPoly Space Cars/Separated Color Materials/LightBlue.mat
  artifactKey: Guid(34a4ba78352494a4e98c473ec2ec24ee) Importer(815301076,1909f56bfc062723c751e8b465ee728b)
Start importing Assets/LowPoly Space Cars/Separated Color Materials/LightBlue.mat using Guid(34a4ba78352494a4e98c473ec2ec24ee) Importer(815301076,1909f56bfc062723c751e8b465ee728b)  -> (artifact id: '06cb94b9b726383e82ef0993cc8aa411') in 0.031203 seconds 
  Import took 0.037742 seconds .

========================================================================
Received Import Request.
  Time since last request: 0.000264 seconds.
  path: Assets/LowPoly Space Cars/Separated Color Materials/Black.mat
  artifactKey: Guid(219dafadd11f1664893fa20e686fa743) Importer(815301076,1909f56bfc062723c751e8b465ee728b)
Start importing Assets/LowPoly Space Cars/Separated Color Materials/Black.mat using Guid(219dafadd11f1664893fa20e686fa743) Importer(815301076,1909f56bfc062723c751e8b465ee728b)  -> (artifact id: 'e6cf43ae50cf8aefa0fb5e231d272871') in 0.025101 seconds 
  Import took 0.034007 seconds .

========================================================================
Received Import Request.
  Time since last request: 0.000260 seconds.
  path: Assets/VertexColorFarmAnimals/Models/Materials/Material.006.mat
  artifactKey: Guid(a44cecdd4f5066c40a0b5ea5f1280e8e) Importer(815301076,1909f56bfc062723c751e8b465ee728b)
Start importing Assets/VertexColorFarmAnimals/Models/Materials/Material.006.mat using Guid(a44cecdd4f5066c40a0b5ea5f1280e8e) Importer(815301076,1909f56bfc062723c751e8b465ee728b)  -> (artifact id: 'a5f5bee31ffc68ed7254334cb6fa8d7b') in 0.018971 seconds 
  Import took 0.026625 seconds .

========================================================================
Received Import Request.
  Time since last request: 0.000266 seconds.
  path: Assets/NatureStarterKit2/Nature/bush01.prefab
  artifactKey: Guid(d638ef2ca2fe20c4c9c08e125692d3f4) Importer(815301076,1909f56bfc062723c751e8b465ee728b)
Start importing Assets/NatureStarterKit2/Nature/bush01.prefab using Guid(d638ef2ca2fe20c4c9c08e125692d3f4) Importer(815301076,1909f56bfc062723c751e8b465ee728b)  -> (artifact id: '2a7ef17b02e9cd7d7f6a8f907481124a') in 0.057910 seconds 
  Import took 0.065405 seconds .

========================================================================
Received Import Request.
  Time since last request: 0.000306 seconds.
  path: Assets/LowPoly Space Cars/Models/FBXModels/Colored Models/car04V02Material.fbx
  artifactKey: Guid(008c3501136b2ca48bfdedcedd499d74) Importer(815301076,1909f56bfc062723c751e8b465ee728b)
Start importing Assets/LowPoly Space Cars/Models/FBXModels/Colored Models/car04V02Material.fbx using Guid(008c3501136b2ca48bfdedcedd499d74) Importer(815301076,1909f56bfc062723c751e8b465ee728b)  -> (artifact id: '775c245d5f5b262a4945e2baf527ca28') in 0.113915 seconds 
  Import took 0.121291 seconds .

========================================================================
Received Import Request.
  Time since last request: 0.000321 seconds.
  path: Assets/Particles/Materials/Materials/Leaf.mat
  artifactKey: Guid(894cb4ee1fce4aa4293b4c44906617c6) Importer(815301076,1909f56bfc062723c751e8b465ee728b)
Start importing Assets/Particles/Materials/Materials/Leaf.mat using Guid(894cb4ee1fce4aa4293b4c44906617c6) Importer(815301076,1909f56bfc062723c751e8b465ee728b)  -> (artifact id: '746113a000237346314c396e0f0333c2') in 0.032241 seconds 
  Import took 0.040068 seconds .

========================================================================
Received Import Request.
  Time since last request: 0.000343 seconds.
  path: Assets/NatureStarterKit2/Nature/bush04.prefab
  artifactKey: Guid(d15b44addf30da74f946086ec0aa993c) Importer(815301076,1909f56bfc062723c751e8b465ee728b)
Start importing Assets/NatureStarterKit2/Nature/bush04.prefab using Guid(d15b44addf30da74f946086ec0aa993c) Importer(815301076,1909f56bfc062723c751e8b465ee728b)  -> (artifact id: '07cefc19f855fadb448bd87dabbe2481') in 0.063022 seconds 
  Import took 0.070787 seconds .

========================================================================
Received Import Request.
  Time since last request: 0.000275 seconds.
  path: Assets/LowPoly Space Cars/Models/FBXModels/Colored Models/car10v02Material.fbx
  artifactKey: Guid(8c8c6900c8d583941aa8808df0e0a9d7) Importer(815301076,1909f56bfc062723c751e8b465ee728b)
Start importing Assets/LowPoly Space Cars/Models/FBXModels/Colored Models/car10v02Material.fbx using Guid(8c8c6900c8d583941aa8808df0e0a9d7) Importer(815301076,1909f56bfc062723c751e8b465ee728b)  -> (artifact id: '0dce80c39e85d6d3e5b576db2253b63c') in 0.150728 seconds 
  Import took 0.160856 seconds .

========================================================================
Received Import Request.
  Time since last request: 0.000328 seconds.
  path: Assets/PolygonPi/FenceLayout/Example/GreenMat.mat
  artifactKey: Guid(8597b0f975ae5754580b9bc617045693) Importer(815301076,1909f56bfc062723c751e8b465ee728b)
Start importing Assets/PolygonPi/FenceLayout/Example/GreenMat.mat using Guid(8597b0f975ae5754580b9bc617045693) Importer(815301076,1909f56bfc062723c751e8b465ee728b)  -> (artifact id: '12e2dbc4911a28718de5bcf33aa5a58c') in 0.033424 seconds 
  Import took 0.040811 seconds .

========================================================================
Received Import Request.
  Time since last request: 0.000358 seconds.
  path: Assets/Ground textures pack/Grass 01/Grass pattern 01.mat
  artifactKey: Guid(2c6f5ab601d22834883d3c7e18f8be41) Importer(815301076,1909f56bfc062723c751e8b465ee728b)
Start importing Assets/Ground textures pack/Grass 01/Grass pattern 01.mat using Guid(2c6f5ab601d22834883d3c7e18f8be41) Importer(815301076,1909f56bfc062723c751e8b465ee728b)  -> (artifact id: 'd6ee9980465eb49c9c8ce548c4b07715') in 0.033690 seconds 
  Import took 0.041845 seconds .

========================================================================
Received Import Request.
  Time since last request: 0.000287 seconds.
  path: Assets/Ground textures pack/Grass 06/Grass pattern 06.mat
  artifactKey: Guid(9dccf2dcc78efe741b7931e3bb85beaf) Importer(815301076,1909f56bfc062723c751e8b465ee728b)
Start importing Assets/Ground textures pack/Grass 06/Grass pattern 06.mat using Guid(9dccf2dcc78efe741b7931e3bb85beaf) Importer(815301076,1909f56bfc062723c751e8b465ee728b)  -> (artifact id: '1fe28673a395d2e7f8fe27587180489c') in 0.037519 seconds 
  Import took 0.045841 seconds .

========================================================================
Received Import Request.
  Time since last request: 0.000390 seconds.
  path: Assets/LowPoly Space Cars/Separated Color Materials/Gold.mat
  artifactKey: Guid(8e3cc46ec73be3643bc72fe650948b61) Importer(815301076,1909f56bfc062723c751e8b465ee728b)
Start importing Assets/LowPoly Space Cars/Separated Color Materials/Gold.mat using Guid(8e3cc46ec73be3643bc72fe650948b61) Importer(815301076,1909f56bfc062723c751e8b465ee728b)  -> (artifact id: '16f5614811292ef6d3768db472a6b43c') in 0.033826 seconds 
  Import took 0.042600 seconds .

========================================================================
Received Import Request.
  Time since last request: 0.000365 seconds.
  path: Assets/NatureStarterKit2/Materials/branch01.mat
  artifactKey: Guid(18ff38cc93a44014c90e92f3baa1c69e) Importer(815301076,1909f56bfc062723c751e8b465ee728b)
Start importing Assets/NatureStarterKit2/Materials/branch01.mat using Guid(18ff38cc93a44014c90e92f3baa1c69e) Importer(815301076,1909f56bfc062723c751e8b465ee728b)  -> (artifact id: '5634bb9f343507b4f0170d32e076ab0d') in 0.021409 seconds 
  Import took 0.030715 seconds .

========================================================================
Received Import Request.
  Time since last request: 0.000305 seconds.
  path: Assets/Ground textures pack/Ground 02/Ground pattern 02.mat
  artifactKey: Guid(36508c771463abf43b7135d9539897e7) Importer(815301076,1909f56bfc062723c751e8b465ee728b)
Start importing Assets/Ground textures pack/Ground 02/Ground pattern 02.mat using Guid(36508c771463abf43b7135d9539897e7) Importer(815301076,1909f56bfc062723c751e8b465ee728b)  -> (artifact id: 'f19394fe8a037b60c0d983bea4a9b58d') in 0.040582 seconds 
  Import took 0.048621 seconds .

========================================================================
Received Import Request.
  Time since last request: 0.000317 seconds.
  path: Assets/LowPoly Space Cars/Separated Color Materials/Green.mat
  artifactKey: Guid(cbdd8b7e80b53cd4590a20cbf2a8ed35) Importer(815301076,1909f56bfc062723c751e8b465ee728b)
Start importing Assets/LowPoly Space Cars/Separated Color Materials/Green.mat using Guid(cbdd8b7e80b53cd4590a20cbf2a8ed35) Importer(815301076,1909f56bfc062723c751e8b465ee728b)  -> (artifact id: '2e47a1b2f2e9a086d54af3bd9d4e7b0f') in 0.020811 seconds 
  Import took 0.027249 seconds .

========================================================================
Received Prepare
Registering precompiled user dll's ...
Registered in 0.004546 seconds.
Begin MonoManager ReloadAssembly
Native extension for WindowsStandalone target not found
Refreshing native plugins compatible for Editor in 0.65 ms, found 2 plugins.
Preloading 0 native plugins for Editor in 0.00 ms.
Mono: successfully reloaded assembly
- Completed reload, in  1.903 seconds
Domain Reload Profiling:
	ReloadAssembly (1904ms)
		BeginReloadAssembly (221ms)
			ExecutionOrderSort (0ms)
			DisableScriptedObjects (10ms)
			BackupInstance (0ms)
			ReleaseScriptingObjects (0ms)
			CreateAndSetChildDomain (68ms)
		EndReloadAssembly (1573ms)
			LoadAssemblies (159ms)
			RebuildTransferFunctionScriptingTraits (0ms)
			SetupTypeCache (565ms)
			ReleaseScriptCaches (1ms)
			RebuildScriptCaches (73ms)
			SetupLoadedEditorAssemblies (530ms)
				LogAssemblyErrors (0ms)
				InitializePlatformSupportModulesInManaged (7ms)
				SetLoadedEditorAssemblies (1ms)
				RefreshPlugins (1ms)
				BeforeProcessingInitializeOnLoad (150ms)
				ProcessInitializeOnLoadAttributes (351ms)
				ProcessInitializeOnLoadMethodAttributes (10ms)
				AfterProcessingInitializeOnLoad (10ms)
				EditorAssembliesLoaded (0ms)
			ExecutionOrderSort2 (0ms)
			AwakeInstancesAfterBackupRestoration (30ms)
Platform modules already initialized, skipping
Refreshing native plugins compatible for Editor in 0.63 ms, found 2 plugins.
Preloading 0 native plugins for Editor in 0.00 ms.
Unloading 2687 Unused Serialized files (Serialized files now loaded: 0)
System memory in use before: 154.4 MB.
System memory in use after: 154.3 MB.

Unloading 13 unused Assets to reduce memory usage. Loaded Objects now: 3438.
Total: 4.990700 ms (FindLiveObjects: 0.874400 ms CreateObjectMapping: 0.195400 ms MarkObjects: 3.581600 ms  DeleteObjects: 0.319700 ms)

AssetImportParameters requested are different than current active one (requested -> active):
  custom:framework-win-MediaFoundation: 216162199b28c13a410421893ffa2e32 -> 
  custom:video-decoder-ogg-theora: a1e56fd34408186e4bbccfd4996cb3dc -> 
  custom:container-muxer-webm: aa71ff27fc2769a1b78a27578f13a17b -> 
  custom:container-demuxer-webm: 4f35f7cbe854078d1ac9338744f61a02 -> 
  custom:container-demuxer-ogg: 62fdf1f143b41e24485cea50d1cbac27 -> 
  custom:video-encoder-webm-vp8: eb34c28f22e8b96e1ab97ce403110664 -> 
  custom:video-codec-MediaFoundation-h265: 746d11721c4dcdbdad8f713fa42b33f4 -> 
  custom:video-decoder-webm-vp8: 9c59270c3fd7afecdb556c50c9e8de78 -> 
  custom:audio-decoder-ogg-vorbis: bf7c407c2cedff20999df2af8eb42d56 -> 
  custom:audio-encoder-webm-vorbis: bf7c407c2cedff20999df2af8eb42d56 -> 
========================================================================
Received Import Request.
  Time since last request: 636.828673 seconds.
  path: Assets/NatureStarterKit2/Nature/bush02.prefab
  artifactKey: Guid(ec78ebca7517fb745a45a931cb06d2bd) Importer(815301076,1909f56bfc062723c751e8b465ee728b)
Start importing Assets/NatureStarterKit2/Nature/bush02.prefab using Guid(ec78ebca7517fb745a45a931cb06d2bd) Importer(815301076,1909f56bfc062723c751e8b465ee728b)  -> (artifact id: '563252f27fdf9078db693c74f9a76392') in 0.401049 seconds 
  Import took 0.410556 seconds .

========================================================================
Received Import Request.
  Time since last request: 0.000285 seconds.
  path: Assets/Particles/Materials/Plane/Plane.mat
  artifactKey: Guid(1da3f327347c6e945aca33be9c9514f5) Importer(815301076,1909f56bfc062723c751e8b465ee728b)
Start importing Assets/Particles/Materials/Plane/Plane.mat using Guid(1da3f327347c6e945aca33be9c9514f5) Importer(815301076,1909f56bfc062723c751e8b465ee728b)  -> (artifact id: '87660a3b42ac58b265509d0dd0436847') in 0.031623 seconds 
  Import took 0.039266 seconds .

========================================================================
Received Import Request.
  Time since last request: 0.000351 seconds.
  path: Assets/PathCreator/Examples/Materials/Red.mat
  artifactKey: Guid(01763a1c279a5cd4d8f897f6b6cdbae5) Importer(815301076,1909f56bfc062723c751e8b465ee728b)
Start importing Assets/PathCreator/Examples/Materials/Red.mat using Guid(01763a1c279a5cd4d8f897f6b6cdbae5) Importer(815301076,1909f56bfc062723c751e8b465ee728b)  -> (artifact id: 'fbc28855f4382808d8f4b4171e2878bb') in 0.033911 seconds 
  Import took 0.041478 seconds .

========================================================================
Received Import Request.
  Time since last request: 0.000298 seconds.
  path: Assets/Mountain Terrain/Trees/materials/polySurface1Mat.mat
  artifactKey: Guid(e154af65a99795f47ba7cec0f43007d8) Importer(815301076,1909f56bfc062723c751e8b465ee728b)
Start importing Assets/Mountain Terrain/Trees/materials/polySurface1Mat.mat using Guid(e154af65a99795f47ba7cec0f43007d8) Importer(815301076,1909f56bfc062723c751e8b465ee728b)  -> (artifact id: 'd19fb4c581deec30537a6aae6f43a66e') in 0.060570 seconds 
  Import took 0.067733 seconds .

========================================================================
Received Import Request.
  Time since last request: 0.000327 seconds.
  path: Assets/VertexColorFarmAnimals/Models/Materials/phong2.mat
  artifactKey: Guid(341d08e493b889849a18a3395103f0a3) Importer(815301076,1909f56bfc062723c751e8b465ee728b)
Start importing Assets/VertexColorFarmAnimals/Models/Materials/phong2.mat using Guid(341d08e493b889849a18a3395103f0a3) Importer(815301076,1909f56bfc062723c751e8b465ee728b)  -> (artifact id: 'd15f587633aea6a784b10b9b66193e66') in 0.027701 seconds 
  Import took 0.036951 seconds .

========================================================================
Received Import Request.
  Time since last request: 0.000473 seconds.
  path: Assets/Particles/Materials/Materials/Rain.mat
  artifactKey: Guid(1efbdc39a6a2b5b49813ac3343f61d65) Importer(815301076,1909f56bfc062723c751e8b465ee728b)
Start importing Assets/Particles/Materials/Materials/Rain.mat using Guid(1efbdc39a6a2b5b49813ac3343f61d65) Importer(815301076,1909f56bfc062723c751e8b465ee728b)  -> (artifact id: '80e4a57c484a518b5bd72a468f0c6d98') in 0.025181 seconds 
  Import took 0.032358 seconds .

========================================================================
Received Import Request.
  Time since last request: 0.000280 seconds.
  path: Assets/NatureStarterKit2/Nature/tree03.prefab
  artifactKey: Guid(4e2dd32c733005a44b50004d673dc653) Importer(815301076,1909f56bfc062723c751e8b465ee728b)
Start importing Assets/NatureStarterKit2/Nature/tree03.prefab using Guid(4e2dd32c733005a44b50004d673dc653) Importer(815301076,1909f56bfc062723c751e8b465ee728b)  -> (artifact id: 'de01bd921f471c3f05891120e137153d') in 0.062281 seconds 
  Import took 0.069739 seconds .

========================================================================
Received Import Request.
  Time since last request: 0.000314 seconds.
  path: Assets/LowPoly Space Cars/Separated Color Materials/Red.mat
  artifactKey: Guid(da363be3a947db34b80101e65e7b9ea5) Importer(815301076,1909f56bfc062723c751e8b465ee728b)
Start importing Assets/LowPoly Space Cars/Separated Color Materials/Red.mat using Guid(da363be3a947db34b80101e65e7b9ea5) Importer(815301076,1909f56bfc062723c751e8b465ee728b)  -> (artifact id: '0e822b641ce99555631f1e6cded52c03') in 0.032255 seconds 
  Import took 0.041587 seconds .

========================================================================
Received Import Request.
  Time since last request: 0.000272 seconds.
  path: Assets/LowPoly Space Cars/Separated Color Materials/purple.mat
  artifactKey: Guid(3d333c8dd30632e43870c0473b37bf1d) Importer(815301076,1909f56bfc062723c751e8b465ee728b)
Start importing Assets/LowPoly Space Cars/Separated Color Materials/purple.mat using Guid(3d333c8dd30632e43870c0473b37bf1d) Importer(815301076,1909f56bfc062723c751e8b465ee728b)  -> (artifact id: 'c0e4a0c2b91236256f7dec925d1f3b16') in 0.035333 seconds 
  Import took 0.044793 seconds .

========================================================================
Received Import Request.
  Time since last request: 0.000444 seconds.
  path: Assets/Mountain Terrain/Trees/materials/polySurface72Mat.mat
  artifactKey: Guid(9e04a5e1e116a9e4f84882272bd44114) Importer(815301076,1909f56bfc062723c751e8b465ee728b)
Start importing Assets/Mountain Terrain/Trees/materials/polySurface72Mat.mat using Guid(9e04a5e1e116a9e4f84882272bd44114) Importer(815301076,1909f56bfc062723c751e8b465ee728b)  -> (artifact id: '429f65beba9f318611f0639dc3115356') in 0.035323 seconds 
  Import took 0.043457 seconds .

========================================================================
Received Import Request.
  Time since last request: 0.000268 seconds.
  path: Assets/LowPoly Space Cars/Separated Color Materials/Orange.mat
  artifactKey: Guid(a81f4346c87aa484495443ef5979763e) Importer(815301076,1909f56bfc062723c751e8b465ee728b)
Start importing Assets/LowPoly Space Cars/Separated Color Materials/Orange.mat using Guid(a81f4346c87aa484495443ef5979763e) Importer(815301076,1909f56bfc062723c751e8b465ee728b)  -> (artifact id: '0a3d56132bd926f13a923b166fe5c928') in 0.037278 seconds 
  Import took 0.045683 seconds .

========================================================================
Received Import Request.
  Time since last request: 5.422152 seconds.
  path: Assets/PathCreator/Examples/Materials/Road.mat
  artifactKey: Guid(b5df4735192845740bd11076dc9cdc99) Importer(815301076,1909f56bfc062723c751e8b465ee728b)
Start importing Assets/PathCreator/Examples/Materials/Road.mat using Guid(b5df4735192845740bd11076dc9cdc99) Importer(815301076,1909f56bfc062723c751e8b465ee728b)  -> (artifact id: '57d3464e8a12a0a35591878ddf7cd048') in 0.038503 seconds 
  Import took 0.047232 seconds .

========================================================================
Received Import Request.
  Time since last request: 0.000439 seconds.
  path: Assets/PathCreator/Examples/Materials/Road Underside.mat
  artifactKey: Guid(c1d8d882244c5344fa86a8fd23246f81) Importer(815301076,1909f56bfc062723c751e8b465ee728b)
Start importing Assets/PathCreator/Examples/Materials/Road Underside.mat using Guid(c1d8d882244c5344fa86a8fd23246f81) Importer(815301076,1909f56bfc062723c751e8b465ee728b)  -> (artifact id: 'd4a0b8d99a8ca2397cef01de91fcee2c') in 0.027157 seconds 
  Import took 0.034709 seconds .

========================================================================
Received Import Request.
  Time since last request: 1.059267 seconds.
  path: Assets/NatureStarterKit2/Standard Assets/Effects/Projectors/Materials/ShadowProjector.mat
  artifactKey: Guid(e30ff3588e719f34bbf0c66f22d97487) Importer(815301076,1909f56bfc062723c751e8b465ee728b)
Start importing Assets/NatureStarterKit2/Standard Assets/Effects/Projectors/Materials/ShadowProjector.mat using Guid(e30ff3588e719f34bbf0c66f22d97487) Importer(815301076,1909f56bfc062723c751e8b465ee728b)  -> (artifact id: '751c835051090db1a920d7a7a767fdbc') in 0.037010 seconds 
  Import took 0.046451 seconds .

========================================================================
Received Import Request.
  Time since last request: 0.000289 seconds.
  path: Assets/NatureStarterKit2/Materials/sky.mat
  artifactKey: Guid(7105c6e31fe1afc4b804e755b0561048) Importer(815301076,1909f56bfc062723c751e8b465ee728b)
Start importing Assets/NatureStarterKit2/Materials/sky.mat using Guid(7105c6e31fe1afc4b804e755b0561048) Importer(815301076,1909f56bfc062723c751e8b465ee728b)  -> (artifact id: '62eea5061e50edb73aba18d7b474a509') in 0.025609 seconds 
  Import took 0.033309 seconds .

========================================================================
Received Import Request.
  Time since last request: 0.000284 seconds.
  path: Assets/NatureStarterKit2/Materials/skybox.mat
  artifactKey: Guid(39cace2863926444a9a78daa8ae26413) Importer(815301076,1909f56bfc062723c751e8b465ee728b)
Start importing Assets/NatureStarterKit2/Materials/skybox.mat using Guid(39cace2863926444a9a78daa8ae26413) Importer(815301076,1909f56bfc062723c751e8b465ee728b)  -> (artifact id: 'e8d47db3af3558d57e7f75eab4981b65') in 0.038386 seconds 
  Import took 0.045592 seconds .

========================================================================
Received Import Request.
  Time since last request: 0.066424 seconds.
  path: Assets/Materials/Skybox_Mat.mat
  artifactKey: Guid(0ffaa0b7117ba8c47a9d05ae701d4b4d) Importer(815301076,1909f56bfc062723c751e8b465ee728b)
Start importing Assets/Materials/Skybox_Mat.mat using Guid(0ffaa0b7117ba8c47a9d05ae701d4b4d) Importer(815301076,1909f56bfc062723c751e8b465ee728b)  -> (artifact id: 'f1e587b2d9f39b4a8da249a6a8f56a44') in 0.025424 seconds 
  Import took 0.033091 seconds .

========================================================================
Received Import Request.
  Time since last request: 0.000377 seconds.
  path: Assets/Particles/Materials/Materials/Snow.mat
  artifactKey: Guid(e9ae5784d66ddcd4ea476a0cb5a0be3b) Importer(815301076,1909f56bfc062723c751e8b465ee728b)
Start importing Assets/Particles/Materials/Materials/Snow.mat using Guid(e9ae5784d66ddcd4ea476a0cb5a0be3b) Importer(815301076,1909f56bfc062723c751e8b465ee728b)  -> (artifact id: '8e42a74ffcba475596f44e0859127a9e') in 0.033631 seconds 
  Import took 0.043505 seconds .

========================================================================
Received Import Request.
  Time since last request: 0.395719 seconds.
  path: Assets/Mountain Terrain/stone_03/stone_3.mat
  artifactKey: Guid(13ea7ad49dfbacf47b47d7d326b5a40f) Importer(815301076,1909f56bfc062723c751e8b465ee728b)
Start importing Assets/Mountain Terrain/stone_03/stone_3.mat using Guid(13ea7ad49dfbacf47b47d7d326b5a40f) Importer(815301076,1909f56bfc062723c751e8b465ee728b)  -> (artifact id: '256282757e992c7a76375db1d2fb35c4') in 0.071877 seconds 
  Import took 0.084373 seconds .

========================================================================
Received Import Request.
  Time since last request: 0.000265 seconds.
  path: Assets/Mountain Terrain/Texture/Materials/Terrain_01_low2_MeshMat.mat
  artifactKey: Guid(d93045cefa332604ebe235d61f072d41) Importer(815301076,1909f56bfc062723c751e8b465ee728b)
Start importing Assets/Mountain Terrain/Texture/Materials/Terrain_01_low2_MeshMat.mat using Guid(d93045cefa332604ebe235d61f072d41) Importer(815301076,1909f56bfc062723c751e8b465ee728b)  -> (artifact id: '145a3c22e7c202eeffad9df1bae24bed') in 0.049950 seconds 
  Import took 0.057746 seconds .

========================================================================
Received Import Request.
  Time since last request: 0.000286 seconds.
  path: Assets/Mountain Terrain/Misc/Materials/Terrain_01_low2_MeshMat.mat
  artifactKey: Guid(3ef5ee436b33e1140a83f3ff2348548c) Importer(815301076,1909f56bfc062723c751e8b465ee728b)
Start importing Assets/Mountain Terrain/Misc/Materials/Terrain_01_low2_MeshMat.mat using Guid(3ef5ee436b33e1140a83f3ff2348548c) Importer(815301076,1909f56bfc062723c751e8b465ee728b)  -> (artifact id: 'fe50db513445227c0aaefddad41b5822') in 0.032331 seconds 
  Import took 0.039050 seconds .

========================================================================
Received Import Request.
  Time since last request: 0.587945 seconds.
  path: Assets/NatureStarterKit2/Standard Assets/Effects/TessellationShaders/Materials/TesselatedBumpSpecular.mat
  artifactKey: Guid(a3384ef3e2313034f9016ad8a1f3999f) Importer(815301076,1909f56bfc062723c751e8b465ee728b)
Start importing Assets/NatureStarterKit2/Standard Assets/Effects/TessellationShaders/Materials/TesselatedBumpSpecular.mat using Guid(a3384ef3e2313034f9016ad8a1f3999f) Importer(815301076,1909f56bfc062723c751e8b465ee728b)  -> (artifact id: '4ffe02b263655edc153ee34b1c12a221') in 0.040771 seconds 
  Import took 0.048957 seconds .

========================================================================
Received Import Request.
  Time since last request: 0.000290 seconds.
  path: Assets/NatureStarterKit2/Standard Assets/Effects/ToonShading/Materials/ToonBasic.mat
  artifactKey: Guid(84b9e1d19d11078d11005b9844295342) Importer(815301076,1909f56bfc062723c751e8b465ee728b)
Start importing Assets/NatureStarterKit2/Standard Assets/Effects/ToonShading/Materials/ToonBasic.mat using Guid(84b9e1d19d11078d11005b9844295342) Importer(815301076,1909f56bfc062723c751e8b465ee728b)  -> (artifact id: '3cd61b5f09694ad02bf87592fcfed6ad') in 0.030769 seconds 
  Import took 0.038280 seconds .

========================================================================
Received Import Request.
  Time since last request: 0.000292 seconds.
  path: Assets/NatureStarterKit2/Standard Assets/Effects/TessellationShaders/Materials/TesselatedBumpSpecularSmooth.mat
  artifactKey: Guid(06893cec523208643a91b7a393737700) Importer(815301076,1909f56bfc062723c751e8b465ee728b)
Start importing Assets/NatureStarterKit2/Standard Assets/Effects/TessellationShaders/Materials/TesselatedBumpSpecularSmooth.mat using Guid(06893cec523208643a91b7a393737700) Importer(815301076,1909f56bfc062723c751e8b465ee728b)  -> (artifact id: '7b2f8e0d3f5750376b2f218e074d44b2') in 0.028958 seconds 
  Import took 0.037859 seconds .

========================================================================
Received Import Request.
  Time since last request: 0.000277 seconds.
  path: Assets/NatureStarterKit2/Standard Assets/Effects/ToonShading/Materials/ToonBasicOutline.mat
  artifactKey: Guid(215977489d11178d11005b9844295342) Importer(815301076,1909f56bfc062723c751e8b465ee728b)
Start importing Assets/NatureStarterKit2/Standard Assets/Effects/ToonShading/Materials/ToonBasicOutline.mat using Guid(215977489d11178d11005b9844295342) Importer(815301076,1909f56bfc062723c751e8b465ee728b)  -> (artifact id: '7db9f5b4188f3a5a3a7186c2ec20a0ac') in 0.038732 seconds 
  Import took 0.048363 seconds .

========================================================================
Received Import Request.
  Time since last request: 0.000249 seconds.
  path: Assets/NatureStarterKit2/Standard Assets/Effects/ToonShading/Materials/ToonLit.mat
  artifactKey: Guid(c9e6294c9d11cb8d11006bf944295342) Importer(815301076,1909f56bfc062723c751e8b465ee728b)
Start importing Assets/NatureStarterKit2/Standard Assets/Effects/ToonShading/Materials/ToonLit.mat using Guid(c9e6294c9d11cb8d11006bf944295342) Importer(815301076,1909f56bfc062723c751e8b465ee728b)  -> (artifact id: '20d66931daf5877d755060e532dcdd35') in 0.027195 seconds 
  Import took 0.034617 seconds .

========================================================================
Received Import Request.
  Time since last request: 0.000328 seconds.
  path: Assets/NatureStarterKit2/Standard Assets/Effects/TessellationShaders/Materials/TesselatedBumpSpecularDisplacement.mat
  artifactKey: Guid(26d8bdbc8646bde48b05fbaacaaa6577) Importer(815301076,1909f56bfc062723c751e8b465ee728b)
Start importing Assets/NatureStarterKit2/Standard Assets/Effects/TessellationShaders/Materials/TesselatedBumpSpecularDisplacement.mat using Guid(26d8bdbc8646bde48b05fbaacaaa6577) Importer(815301076,1909f56bfc062723c751e8b465ee728b)  -> (artifact id: 'c8b4bd2869f4ffd267574e9391ac6a8c') in 0.030238 seconds 
  Import took 0.038799 seconds .

========================================================================
Received Import Request.
  Time since last request: 0.000264 seconds.
  path: Assets/NatureStarterKit2/Standard Assets/Effects/ToonShading/Materials/ToonLitOutline.mat
  artifactKey: Guid(5d69df9d9d11e49d110086ba44295342) Importer(815301076,1909f56bfc062723c751e8b465ee728b)
Start importing Assets/NatureStarterKit2/Standard Assets/Effects/ToonShading/Materials/ToonLitOutline.mat using Guid(5d69df9d9d11e49d110086ba44295342) Importer(815301076,1909f56bfc062723c751e8b465ee728b)  -> (artifact id: 'cefe5a7ed5224357ab183c2d6e426118') in 0.031620 seconds 
  Import took 0.040490 seconds .

========================================================================
Received Import Request.
  Time since last request: 1.178369 seconds.
  path: Assets/VertexColorFarmAnimals/Materials/VertexColorUnlit.mat
  artifactKey: Guid(b83d3bf75db8f704fb67e55cf64a537f) Importer(815301076,1909f56bfc062723c751e8b465ee728b)
Start importing Assets/VertexColorFarmAnimals/Materials/VertexColorUnlit.mat using Guid(b83d3bf75db8f704fb67e55cf64a537f) Importer(815301076,1909f56bfc062723c751e8b465ee728b)  -> (artifact id: 'd7e9f13b92744997fef0ea050589694e') in 0.021223 seconds 
  Import took 0.030894 seconds .

========================================================================
Received Import Request.
  Time since last request: 0.000294 seconds.
  path: Assets/IgniteCoders/Simple Water Shader/Resources/Water_mat_01.mat
  artifactKey: Guid(141d9d6ca43b6c843965491604c6deff) Importer(815301076,1909f56bfc062723c751e8b465ee728b)
Start importing Assets/IgniteCoders/Simple Water Shader/Resources/Water_mat_01.mat using Guid(141d9d6ca43b6c843965491604c6deff) Importer(815301076,1909f56bfc062723c751e8b465ee728b)  -> (artifact id: 'e3a74d6488d518a9e6c4a29ebb71b3a3') in 0.035368 seconds 
  Import took 0.043794 seconds .

========================================================================
Received Import Request.
  Time since last request: 0.000290 seconds.
  path: Assets/IgniteCoders/Simple Water Shader/Resources/Water_mat_02.mat
  artifactKey: Guid(8759ec410a6774b4ea13ae32dc2b8d2e) Importer(815301076,1909f56bfc062723c751e8b465ee728b)
Start importing Assets/IgniteCoders/Simple Water Shader/Resources/Water_mat_02.mat using Guid(8759ec410a6774b4ea13ae32dc2b8d2e) Importer(815301076,1909f56bfc062723c751e8b465ee728b)  -> (artifact id: 'afecfb5478c24d0163a6288fb2cf163c') in 0.028244 seconds 
  Import took 0.035972 seconds .

========================================================================
Received Import Request.
  Time since last request: 0.030247 seconds.
  path: Assets/IgniteCoders/Simple Water Shader/Resources/Water_mat_03.mat
  artifactKey: Guid(19ac4fcfcf42b4344a6c7d97a5cd61fc) Importer(815301076,1909f56bfc062723c751e8b465ee728b)
Start importing Assets/IgniteCoders/Simple Water Shader/Resources/Water_mat_03.mat using Guid(19ac4fcfcf42b4344a6c7d97a5cd61fc) Importer(815301076,1909f56bfc062723c751e8b465ee728b)  -> (artifact id: 'c4e58780efaabaf09f30a6174e8a9743') in 0.044416 seconds 
  Import took 0.055633 seconds .

========================================================================
Received Import Request.
  Time since last request: 0.542380 seconds.
  path: Assets/PolygonPi/FenceLayout/Example/Materials/wood.mat
  artifactKey: Guid(73ad7e67fd0e1a34faf1da67a935679a) Importer(815301076,1909f56bfc062723c751e8b465ee728b)
Start importing Assets/PolygonPi/FenceLayout/Example/Materials/wood.mat using Guid(73ad7e67fd0e1a34faf1da67a935679a) Importer(815301076,1909f56bfc062723c751e8b465ee728b)  -> (artifact id: 'f25f6d02e64ed2b7338e38b6472d170b') in 0.030209 seconds 
  Import took 0.039178 seconds .

========================================================================
Received Import Request.
  Time since last request: 0.000351 seconds.
  path: Assets/PolygonPi/FenceLayout/Example/WoodMat.mat
  artifactKey: Guid(254fa9f855dcc914da4ffb2260edfa6e) Importer(815301076,1909f56bfc062723c751e8b465ee728b)
Start importing Assets/PolygonPi/FenceLayout/Example/WoodMat.mat using Guid(254fa9f855dcc914da4ffb2260edfa6e) Importer(815301076,1909f56bfc062723c751e8b465ee728b)  -> (artifact id: '144acce7439e058d2cd991e5071e9c21') in 0.025575 seconds 
  Import took 0.031958 seconds .

========================================================================
Received Prepare
Registering precompiled user dll's ...
Registered in 0.003902 seconds.
Begin MonoManager ReloadAssembly
Native extension for WindowsStandalone target not found
Refreshing native plugins compatible for Editor in 0.65 ms, found 2 plugins.
Preloading 0 native plugins for Editor in 0.00 ms.
Mono: successfully reloaded assembly
- Completed reload, in  1.699 seconds
Domain Reload Profiling:
	ReloadAssembly (1699ms)
		BeginReloadAssembly (174ms)
			ExecutionOrderSort (0ms)
			DisableScriptedObjects (9ms)
			BackupInstance (0ms)
			ReleaseScriptingObjects (0ms)
			CreateAndSetChildDomain (59ms)
		EndReloadAssembly (1427ms)
			LoadAssemblies (148ms)
			RebuildTransferFunctionScriptingTraits (0ms)
			SetupTypeCache (487ms)
			ReleaseScriptCaches (3ms)
			RebuildScriptCaches (72ms)
			SetupLoadedEditorAssemblies (476ms)
				LogAssemblyErrors (0ms)
				InitializePlatformSupportModulesInManaged (8ms)
				SetLoadedEditorAssemblies (1ms)
				RefreshPlugins (1ms)
				BeforeProcessingInitializeOnLoad (134ms)
				ProcessInitializeOnLoadAttributes (315ms)
				ProcessInitializeOnLoadMethodAttributes (9ms)
				AfterProcessingInitializeOnLoad (8ms)
				EditorAssembliesLoaded (0ms)
			ExecutionOrderSort2 (0ms)
			AwakeInstancesAfterBackupRestoration (26ms)
Platform modules already initialized, skipping
Refreshing native plugins compatible for Editor in 0.97 ms, found 2 plugins.
Preloading 0 native plugins for Editor in 0.00 ms.
Unloading 2687 Unused Serialized files (Serialized files now loaded: 0)
System memory in use before: 154.7 MB.
System memory in use after: 154.7 MB.

Unloading 13 unused Assets to reduce memory usage. Loaded Objects now: 3476.
Total: 6.397300 ms (FindLiveObjects: 0.439600 ms CreateObjectMapping: 0.213000 ms MarkObjects: 5.197900 ms  DeleteObjects: 0.544700 ms)

AssetImportParameters requested are different than current active one (requested -> active):
  custom:framework-win-MediaFoundation: 216162199b28c13a410421893ffa2e32 -> 
  custom:video-decoder-ogg-theora: a1e56fd34408186e4bbccfd4996cb3dc -> 
  custom:container-muxer-webm: aa71ff27fc2769a1b78a27578f13a17b -> 
  custom:container-demuxer-webm: 4f35f7cbe854078d1ac9338744f61a02 -> 
  custom:container-demuxer-ogg: 62fdf1f143b41e24485cea50d1cbac27 -> 
  custom:video-encoder-webm-vp8: eb34c28f22e8b96e1ab97ce403110664 -> 
  custom:video-codec-MediaFoundation-h265: 746d11721c4dcdbdad8f713fa42b33f4 -> 
  custom:video-decoder-webm-vp8: 9c59270c3fd7afecdb556c50c9e8de78 -> 
  custom:audio-decoder-ogg-vorbis: bf7c407c2cedff20999df2af8eb42d56 -> 
  custom:audio-encoder-webm-vorbis: bf7c407c2cedff20999df2af8eb42d56 -> 
========================================================================
Received Prepare
Registering precompiled user dll's ...
Registered in 0.005110 seconds.
Begin MonoManager ReloadAssembly
Native extension for WindowsStandalone target not found
Refreshing native plugins compatible for Editor in 1.09 ms, found 2 plugins.
Preloading 0 native plugins for Editor in 0.00 ms.
Mono: successfully reloaded assembly
- Completed reload, in  1.388 seconds
Domain Reload Profiling:
	ReloadAssembly (1389ms)
		BeginReloadAssembly (133ms)
			ExecutionOrderSort (0ms)
			DisableScriptedObjects (5ms)
			BackupInstance (0ms)
			ReleaseScriptingObjects (0ms)
			CreateAndSetChildDomain (44ms)
		EndReloadAssembly (1175ms)
			LoadAssemblies (107ms)
			RebuildTransferFunctionScriptingTraits (0ms)
			SetupTypeCache (470ms)
			ReleaseScriptCaches (1ms)
			RebuildScriptCaches (49ms)
			SetupLoadedEditorAssemblies (369ms)
				LogAssemblyErrors (0ms)
				InitializePlatformSupportModulesInManaged (5ms)
				SetLoadedEditorAssemblies (1ms)
				RefreshPlugins (1ms)
				BeforeProcessingInitializeOnLoad (101ms)
				ProcessInitializeOnLoadAttributes (248ms)
				ProcessInitializeOnLoadMethodAttributes (5ms)
				AfterProcessingInitializeOnLoad (7ms)
				EditorAssembliesLoaded (0ms)
			ExecutionOrderSort2 (0ms)
			AwakeInstancesAfterBackupRestoration (21ms)
Platform modules already initialized, skipping
Refreshing native plugins compatible for Editor in 0.59 ms, found 2 plugins.
Preloading 0 native plugins for Editor in 0.00 ms.
Unloading 2687 Unused Serialized files (Serialized files now loaded: 0)
System memory in use before: 154.8 MB.
System memory in use after: 154.7 MB.

Unloading 13 unused Assets to reduce memory usage. Loaded Objects now: 3478.
Total: 4.599100 ms (FindLiveObjects: 0.362500 ms CreateObjectMapping: 0.194900 ms MarkObjects: 3.674700 ms  DeleteObjects: 0.365500 ms)

AssetImportParameters requested are different than current active one (requested -> active):
  custom:framework-win-MediaFoundation: 216162199b28c13a410421893ffa2e32 -> 
  custom:video-decoder-ogg-theora: a1e56fd34408186e4bbccfd4996cb3dc -> 
  custom:container-muxer-webm: aa71ff27fc2769a1b78a27578f13a17b -> 
  custom:container-demuxer-webm: 4f35f7cbe854078d1ac9338744f61a02 -> 
  custom:container-demuxer-ogg: 62fdf1f143b41e24485cea50d1cbac27 -> 
  custom:video-encoder-webm-vp8: eb34c28f22e8b96e1ab97ce403110664 -> 
  custom:video-codec-MediaFoundation-h265: 746d11721c4dcdbdad8f713fa42b33f4 -> 
  custom:video-decoder-webm-vp8: 9c59270c3fd7afecdb556c50c9e8de78 -> 
  custom:audio-decoder-ogg-vorbis: bf7c407c2cedff20999df2af8eb42d56 -> 
  custom:audio-encoder-webm-vorbis: bf7c407c2cedff20999df2af8eb42d56 -> 
AssetImportWorkerClient::OnTransportError - code=2 error=End of file
